<?xml version="1.0" encoding="UTF-8"?>
<!-- Generated by org.testng.reporters.JUnitReportReporter -->
<testsuite skipped="0" hostname="Monikas-MacBook-Air.local" name="kodoWebsite.kodo.Synonyms" tests="1" failures="0" timestamp="2020-05-23T09:44:55 IST" time="27.239" errors="0">
  <testcase name="tops" time="27.239" classname="kodoWebsite.kodo.Synonyms"/>
  <system-out/>
</testsuite> <!-- kodoWebsite.kodo.Synonyms -->
