<?xml version="1.0" encoding="UTF-8"?>
<!-- Generated by org.testng.reporters.JUnitReportReporter -->
<testsuite skipped="0" hostname="Monikas-MacBook-Air.local" name="kodoWebsite.kodo.WeatherConditon" tests="1" failures="0" timestamp="2020-05-23T14:05:17 IST" time="7.473" errors="0">
  <testcase name="SummerDress" time="7.473" classname="kodoWebsite.kodo.WeatherConditon"/>
  <system-out/>
</testsuite> <!-- kodoWebsite.kodo.WeatherConditon -->
