<?xml version="1.0" encoding="UTF-8"?>
<!-- Generated by org.testng.reporters.JUnitReportReporter -->
<testsuite skipped="0" hostname="Monikas-MacBook-Air.local" name="SearchFunctionality.kodo.ProductCountValidation" tests="1" failures="0" timestamp="2020-05-24T06:15:46 IST" time="8.244" errors="0">
  <testcase name="hoverDresses" time="8.244" classname="SearchFunctionality.kodo.ProductCountValidation"/>
  <system-out/>
</testsuite> <!-- SearchFunctionality.kodo.ProductCountValidation -->
