<?xml version="1.0" encoding="UTF-8"?>
<!-- Generated by org.testng.reporters.JUnitReportReporter -->
<testsuite skipped="0" hostname="Monikas-MacBook-Air.local" name="SearchFunctionality.kodo.BasicSearchFunctionality" tests="4" failures="0" timestamp="2020-06-07T21:26:51 IST" time="5.385" errors="0">
  <testcase name="searchButtonValidation" time="1.964" classname="SearchFunctionality.kodo.BasicSearchFunctionality"/>
  <system-out/>
  <testcase name="searchBarVisibility" time="0.144" classname="SearchFunctionality.kodo.BasicSearchFunctionality"/>
  <system-out/>
  <testcase name="blankSearchBar" time="0.106" classname="SearchFunctionality.kodo.BasicSearchFunctionality"/>
  <system-out/>
  <testcase name="searchButtonKeyboradValidation" time="3.171" classname="SearchFunctionality.kodo.BasicSearchFunctionality"/>
  <system-out/>
</testsuite> <!-- SearchFunctionality.kodo.BasicSearchFunctionality -->
