<?xml version="1.0" encoding="UTF-8"?>
<!-- Generated by org.testng.reporters.JUnitReportReporter -->
<testsuite skipped="0" hostname="Monikas-MacBook-Air.local" name="kodoWebsite.kodo.AgeValidation" tests="3" failures="0" timestamp="2020-05-23T20:12:27 IST" time="11.801" errors="0">
  <testcase name="womenDress" time="4.603" classname="kodoWebsite.kodo.AgeValidation"/>
  <system-out/>
  <testcase name="womenDress" time="3.482" classname="kodoWebsite.kodo.AgeValidation"/>
  <system-out/>
  <testcase name="womenDress" time="3.716" classname="kodoWebsite.kodo.AgeValidation"/>
  <system-out/>
</testsuite> <!-- kodoWebsite.kodo.AgeValidation -->
