<?xml version="1.0" encoding="UTF-8"?>
<!-- Generated by org.testng.reporters.JUnitReportReporter -->
<testsuite skipped="0" hostname="Monikas-MacBook-Air.local" name="kodoWebsite.kodo.UnlistedProduct" tests="3" failures="0" timestamp="2020-05-23T10:54:12 IST" time="18.235" errors="0">
  <testcase name="unlistedproduct" time="6.540" classname="kodoWebsite.kodo.UnlistedProduct"/>
  <system-out/>
  <testcase name="unlistedproduct" time="5.813" classname="kodoWebsite.kodo.UnlistedProduct"/>
  <system-out/>
  <testcase name="unlistedproduct" time="5.882" classname="kodoWebsite.kodo.UnlistedProduct"/>
  <system-out/>
</testsuite> <!-- kodoWebsite.kodo.UnlistedProduct -->
