<?xml version="1.0" encoding="UTF-8"?>
<!-- Generated by org.testng.reporters.JUnitReportReporter -->
<testsuite skipped="0" hostname="Monikas-MacBook-Air.local" name="SearchFunctionality.kodo.PrintValidataion" tests="2" failures="0" timestamp="2020-05-24T05:52:23 IST" time="40.139" errors="0">
  <testcase name="validation" time="32.776" classname="SearchFunctionality.kodo.PrintValidataion"/>
  <system-out/>
  <testcase name="validation" time="7.363" classname="SearchFunctionality.kodo.PrintValidataion"/>
  <system-out/>
</testsuite> <!-- SearchFunctionality.kodo.PrintValidataion -->
