<?xml version="1.0" encoding="UTF-8"?>
<!-- Generated by org.testng.reporters.JUnitReportReporter -->
<testsuite skipped="0" hostname="Monikas-MacBook-Air.local" name="SearchFunctionality.kodo.ColourValidation" tests="3" failures="0" timestamp="2020-05-24T05:45:08 IST" time="7.660" errors="0">
  <testcase name="colour" time="3.439" classname="SearchFunctionality.kodo.ColourValidation"/>
  <system-out/>
  <testcase name="colour" time="1.537" classname="SearchFunctionality.kodo.ColourValidation"/>
  <system-out/>
  <testcase name="colour" time="2.684" classname="SearchFunctionality.kodo.ColourValidation"/>
  <system-out/>
</testsuite> <!-- SearchFunctionality.kodo.ColourValidation -->
