<?xml version="1.0" encoding="UTF-8"?>
<!-- Generated by org.testng.reporters.JUnitReportReporter -->
<testsuite skipped="0" hostname="Monikas-MacBook-Air.local" name="kodoWebsite.Kodo.java" tests="1" failures="0" timestamp="2020-05-15T16:29:05 IST" time="0.019" errors="0">
  <testcase name="test" time="0.019" classname="kodoWebsite.Kodo.java"/>
  <system-out/>
</testsuite> <!-- kodoWebsite.Kodo.java -->
