<?xml version="1.0" encoding="UTF-8"?>
<!-- Generated by org.testng.reporters.JUnitReportReporter -->
<testsuite skipped="0" hostname="Monikas-MacBook-Air.local" name="kodoWebsite.kodo.ColourValidation" tests="3" failures="0" timestamp="2020-05-23T20:13:15 IST" time="7.894" errors="0">
  <testcase name="colour" time="3.452" classname="kodoWebsite.kodo.ColourValidation"/>
  <system-out/>
  <testcase name="colour" time="1.754" classname="kodoWebsite.kodo.ColourValidation"/>
  <system-out/>
  <testcase name="colour" time="2.688" classname="kodoWebsite.kodo.ColourValidation"/>
  <system-out/>
</testsuite> <!-- kodoWebsite.kodo.ColourValidation -->
