<?xml version="1.0" encoding="UTF-8"?>
<!-- Generated by org.testng.reporters.JUnitReportReporter -->
<testsuite skipped="0" hostname="Monikas-MacBook-Air.local" name="SearchFunctionality.kodo.BasicSearchFunctionality" tests="4" failures="0" timestamp="2020-05-25T13:21:55 IST" time="7.271" errors="0">
  <testcase name="searchBarVisibility" time="0.270" classname="SearchFunctionality.kodo.BasicSearchFunctionality"/>
  <system-out/>
  <testcase name="searchButtonValidation" time="1.696" classname="SearchFunctionality.kodo.BasicSearchFunctionality"/>
  <system-out/>
  <testcase name="blankSearchBar" time="0.894" classname="SearchFunctionality.kodo.BasicSearchFunctionality"/>
  <system-out/>
  <testcase name="searchButtonKeyboradValidation" time="4.411" classname="SearchFunctionality.kodo.BasicSearchFunctionality"/>
  <system-out/>
</testsuite> <!-- SearchFunctionality.kodo.BasicSearchFunctionality -->
