<?xml version="1.0" encoding="UTF-8"?>
<!-- Generated by org.testng.reporters.JUnitReportReporter -->
<testsuite skipped="0" hostname="Monikas-MacBook-Air.local" name="kodoWebsite.kodo.OnColourBasis" tests="3" failures="0" timestamp="2020-05-23T08:04:55 IST" time="8.016" errors="0">
  <testcase name="blackColour" time="2.828" classname="kodoWebsite.kodo.OnColourBasis"/>
  <system-out/>
  <testcase name="blackColour" time="3.538" classname="kodoWebsite.kodo.OnColourBasis"/>
  <system-out/>
  <testcase name="blackColour" time="1.650" classname="kodoWebsite.kodo.OnColourBasis"/>
  <system-out/>
</testsuite> <!-- kodoWebsite.kodo.OnColourBasis -->
