<?xml version="1.0" encoding="UTF-8"?>
<!-- Generated by org.testng.reporters.JUnitReportReporter -->
<testsuite skipped="0" hostname="Monikas-MacBook-Air.local" name="SearchFunctionality.kodo.BasicSearchFunctionality" tests="4" failures="0" timestamp="2020-05-24T05:43:06 IST" time="4.133" errors="0">
  <testcase name="searchBarVisibility" time="0.231" classname="SearchFunctionality.kodo.BasicSearchFunctionality"/>
  <system-out/>
  <testcase name="blankSearchBar" time="0.421" classname="SearchFunctionality.kodo.BasicSearchFunctionality"/>
  <system-out/>
  <testcase name="searchButtonKeyboradValidation" time="2.141" classname="SearchFunctionality.kodo.BasicSearchFunctionality"/>
  <system-out/>
  <testcase name="searchButtonValidation" time="1.340" classname="SearchFunctionality.kodo.BasicSearchFunctionality"/>
  <system-out/>
</testsuite> <!-- SearchFunctionality.kodo.BasicSearchFunctionality -->
