<?xml version="1.0" encoding="UTF-8"?>
<!-- Generated by org.testng.reporters.JUnitReportReporter -->
<testsuite skipped="0" hostname="Monikas-MacBook-Air.local" name="kodoWebsite.kodo.IncorrectInput" tests="3" failures="0" timestamp="2020-05-23T10:46:06 IST" time="53.147" errors="0">
  <testcase name="alertMessageValidation" time="40.439" classname="kodoWebsite.kodo.IncorrectInput"/>
  <system-out/>
  <testcase name="alertMessageValidation" time="6.746" classname="kodoWebsite.kodo.IncorrectInput"/>
  <system-out/>
  <testcase name="alertMessageValidation" time="5.962" classname="kodoWebsite.kodo.IncorrectInput"/>
  <system-out/>
</testsuite> <!-- kodoWebsite.kodo.IncorrectInput -->
