<?xml version="1.0" encoding="UTF-8"?>
<!-- Generated by org.testng.reporters.JUnitReportReporter -->
<testsuite skipped="0" hostname="Monikas-MacBook-Air.local" name="SearchFunctionality.kodo.AgeValidation" tests="3" failures="0" timestamp="2020-05-24T05:42:30 IST" time="11.167" errors="0">
  <testcase name="womenDress" time="4.287" classname="SearchFunctionality.kodo.AgeValidation"/>
  <system-out/>
  <testcase name="womenDress" time="3.518" classname="SearchFunctionality.kodo.AgeValidation"/>
  <system-out/>
  <testcase name="womenDress" time="3.362" classname="SearchFunctionality.kodo.AgeValidation"/>
  <system-out/>
</testsuite> <!-- SearchFunctionality.kodo.AgeValidation -->
