<?xml version="1.0" encoding="UTF-8"?>
<!-- Generated by org.testng.reporters.JUnitReportReporter -->
<testsuite skipped="0" hostname="Monikas-MacBook-Air.local" name="SearchFunctionality.kodo.UnlistedProduct" tests="3" failures="0" timestamp="2020-05-24T06:24:49 IST" time="17.528" errors="0">
  <testcase name="unlistedproduct" time="5.700" classname="SearchFunctionality.kodo.UnlistedProduct"/>
  <system-out/>
  <testcase name="unlistedproduct" time="5.650" classname="SearchFunctionality.kodo.UnlistedProduct"/>
  <system-out/>
  <testcase name="unlistedproduct" time="6.178" classname="SearchFunctionality.kodo.UnlistedProduct"/>
  <system-out/>
</testsuite> <!-- SearchFunctionality.kodo.UnlistedProduct -->
