<?xml version="1.0" encoding="UTF-8"?>
<!-- Generated by org.testng.reporters.JUnitReportReporter -->
<testsuite skipped="0" hostname="Monikas-MacBook-Air.local" name="SearchFunctionality.kodo.IncorrectInput" tests="3" failures="0" timestamp="2020-05-24T05:47:59 IST" time="16.885" errors="0">
  <testcase name="incorrectdata" time="5.573" classname="SearchFunctionality.kodo.IncorrectInput"/>
  <system-out/>
  <testcase name="incorrectdata" time="5.912" classname="SearchFunctionality.kodo.IncorrectInput"/>
  <system-out/>
  <testcase name="incorrectdata" time="5.400" classname="SearchFunctionality.kodo.IncorrectInput"/>
  <system-out/>
</testsuite> <!-- SearchFunctionality.kodo.IncorrectInput -->
